<?xml version="1.0" encoding="UTF-8"?>
<!-- Generated by org.testng.reporters.JUnitReportReporter -->
<testsuite hostname="DESKTOP-U54JC7B" failures="0" tests="1" name="runner.TC01_LoginPage" time="6.836" errors="0" timestamp="13 May 2023 05:32:50 GMT" skipped="0">
  <testcase classname="runner.TC01_LoginPage" name="runScenario" time="6.836"/>
</testsuite> <!-- runner.TC01_LoginPage -->
